[0.201s] DEBUG:colcon:Command line arguments: ['/usr/bin/colcon', 'build']
[0.201s] DEBUG:colcon:Parsed command line arguments: Namespace(log_base=None, log_level=None, verb_name='build', build_base='build', install_base='install', merge_install=False, symlink_install=False, test_result_base=None, continue_on_error=False, executor='parallel', parallel_workers=8, event_handlers=None, ignore_user_meta=False, metas=['./colcon.meta'], base_paths=['.'], packages_ignore=None, packages_ignore_regex=None, paths=None, packages_up_to=None, packages_up_to_regex=None, packages_above=None, packages_above_and_dependencies=None, packages_above_depth=None, packages_select_by_dep=None, packages_skip_by_dep=None, packages_skip_up_to=None, packages_select_build_failed=False, packages_skip_build_finished=False, packages_select_test_failures=False, packages_skip_test_passed=False, packages_select=None, packages_skip=None, packages_select_regex=None, packages_skip_regex=None, packages_start=None, packages_end=None, cmake_args=None, cmake_target=None, cmake_target_skip_unavailable=False, cmake_clean_cache=False, cmake_clean_first=False, cmake_force_configure=False, ament_cmake_args=None, catkin_cmake_args=None, catkin_skip_building_tests=False, mixin_files=None, mixin=None, verb_parser=<colcon_mixin.mixin.mixin_argument.MixinArgumentDecorator object at 0xffff87aa93f0>, verb_extension=<colcon_core.verb.build.BuildVerb object at 0xffff87aa8f10>, main=<bound method BuildVerb.main of <colcon_core.verb.build.BuildVerb object at 0xffff87aa8f10>>, mixin_verb=('build',))
[0.391s] Level 1:colcon.colcon_core.package_discovery:discover_packages(colcon_meta) check parameters
[0.394s] INFO:colcon.colcon_metadata.package_discovery.colcon_meta:Using configuration from '/root/.colcon/metadata/default/Gazebo.meta'
[0.394s] INFO:colcon.colcon_metadata.package_discovery.colcon_meta:Using configuration from '/root/.colcon/metadata/default/fastrtps.meta'
[0.395s] Level 1:colcon.colcon_core.package_discovery:discover_packages(recursive) check parameters
[0.395s] Level 1:colcon.colcon_core.package_discovery:discover_packages(ignore) check parameters
[0.395s] Level 1:colcon.colcon_core.package_discovery:discover_packages(path) check parameters
[0.395s] Level 1:colcon.colcon_core.package_discovery:discover_packages(colcon_meta) discover
[0.395s] Level 1:colcon.colcon_core.package_discovery:discover_packages(recursive) discover
[0.395s] INFO:colcon.colcon_core.package_discovery:Crawling recursively for packages in '/AGV/ros2_ws/src/humanoid_pkg'
[0.395s] Level 1:colcon.colcon_core.package_identification:_identify(.) by extensions ['ignore', 'ignore_ament_install']
[0.395s] Level 1:colcon.colcon_core.package_identification:_identify(.) by extension 'ignore'
[0.396s] Level 1:colcon.colcon_core.package_identification:_identify(.) by extension 'ignore_ament_install'
[0.396s] Level 1:colcon.colcon_core.package_identification:_identify(.) by extensions ['colcon_pkg']
[0.396s] Level 1:colcon.colcon_core.package_identification:_identify(.) by extension 'colcon_pkg'
[0.396s] Level 1:colcon.colcon_core.package_identification:_identify(.) by extensions ['colcon_meta']
[0.396s] Level 1:colcon.colcon_core.package_identification:_identify(.) by extension 'colcon_meta'
[0.396s] Level 1:colcon.colcon_core.package_identification:_identify(.) by extensions ['ros']
[0.396s] Level 1:colcon.colcon_core.package_identification:_identify(.) by extension 'ros'
[0.420s] DEBUG:colcon.colcon_core.package_identification:Package '.' with type 'ros.ament_cmake' and name 'humanoid_pkg'
[0.420s] Level 1:colcon.colcon_core.package_discovery:discover_packages(recursive) using defaults
[0.420s] Level 1:colcon.colcon_core.package_discovery:discover_packages(ignore) discover
[0.420s] Level 1:colcon.colcon_core.package_discovery:discover_packages(ignore) using defaults
[0.420s] Level 1:colcon.colcon_core.package_discovery:discover_packages(path) discover
[0.420s] Level 1:colcon.colcon_core.package_discovery:discover_packages(path) using defaults
[0.453s] Level 5:colcon.colcon_core.verb:set package 'humanoid_pkg' build argument 'cmake_args' from command line to 'None'
[0.454s] Level 5:colcon.colcon_core.verb:set package 'humanoid_pkg' build argument 'cmake_target' from command line to 'None'
[0.454s] Level 5:colcon.colcon_core.verb:set package 'humanoid_pkg' build argument 'cmake_target_skip_unavailable' from command line to 'False'
[0.454s] Level 5:colcon.colcon_core.verb:set package 'humanoid_pkg' build argument 'cmake_clean_cache' from command line to 'False'
[0.454s] Level 5:colcon.colcon_core.verb:set package 'humanoid_pkg' build argument 'cmake_clean_first' from command line to 'False'
[0.454s] Level 5:colcon.colcon_core.verb:set package 'humanoid_pkg' build argument 'cmake_force_configure' from command line to 'False'
[0.454s] Level 5:colcon.colcon_core.verb:set package 'humanoid_pkg' build argument 'ament_cmake_args' from command line to 'None'
[0.454s] Level 5:colcon.colcon_core.verb:set package 'humanoid_pkg' build argument 'catkin_cmake_args' from command line to 'None'
[0.454s] Level 5:colcon.colcon_core.verb:set package 'humanoid_pkg' build argument 'catkin_skip_building_tests' from command line to 'False'
[0.454s] DEBUG:colcon.colcon_core.verb:Building package 'humanoid_pkg' with the following arguments: {'ament_cmake_args': None, 'build_base': '/AGV/ros2_ws/src/humanoid_pkg/build/humanoid_pkg', 'catkin_cmake_args': None, 'catkin_skip_building_tests': False, 'cmake_args': None, 'cmake_clean_cache': False, 'cmake_clean_first': False, 'cmake_force_configure': False, 'cmake_target': None, 'cmake_target_skip_unavailable': False, 'install_base': '/AGV/ros2_ws/src/humanoid_pkg/install/humanoid_pkg', 'merge_install': False, 'path': '/AGV/ros2_ws/src/humanoid_pkg', 'symlink_install': False, 'test_result_base': None}
[0.454s] INFO:colcon.colcon_core.executor:Executing jobs using 'parallel' executor
[0.456s] DEBUG:colcon.colcon_parallel_executor.executor.parallel:run_until_complete
[0.457s] INFO:colcon.colcon_ros.task.ament_cmake.build:Building ROS package in '/AGV/ros2_ws/src/humanoid_pkg' with build type 'ament_cmake'
[0.457s] INFO:colcon.colcon_cmake.task.cmake.build:Building CMake package in '/AGV/ros2_ws/src/humanoid_pkg'
[0.461s] INFO:colcon.colcon_core.plugin_system:Skipping extension 'colcon_core.shell.bat': Not used on non-Windows systems
[0.461s] INFO:colcon.colcon_core.shell:Skip shell extension 'powershell' for command environment: Not usable outside of PowerShell
[0.461s] DEBUG:colcon.colcon_core.shell:Skip shell extension 'dsv' for command environment
[0.473s] DEBUG:colcon.colcon_core.event_handler.log_command:Invoking command in '/AGV/ros2_ws/src/humanoid_pkg/build/humanoid_pkg': CMAKE_PREFIX_PATH=${CMAKE_PREFIX_PATH}:/opt/ros/humble /usr/bin/cmake /AGV/ros2_ws/src/humanoid_pkg -DCMAKE_INSTALL_PREFIX=/AGV/ros2_ws/src/humanoid_pkg/install/humanoid_pkg
[4.115s] DEBUG:colcon.colcon_core.event_handler.log_command:Invoked command in '/AGV/ros2_ws/src/humanoid_pkg/build/humanoid_pkg' returned '0': CMAKE_PREFIX_PATH=${CMAKE_PREFIX_PATH}:/opt/ros/humble /usr/bin/cmake /AGV/ros2_ws/src/humanoid_pkg -DCMAKE_INSTALL_PREFIX=/AGV/ros2_ws/src/humanoid_pkg/install/humanoid_pkg
[4.121s] DEBUG:colcon.colcon_core.event_handler.log_command:Invoking command in '/AGV/ros2_ws/src/humanoid_pkg/build/humanoid_pkg': CMAKE_PREFIX_PATH=${CMAKE_PREFIX_PATH}:/opt/ros/humble /usr/bin/cmake --build /AGV/ros2_ws/src/humanoid_pkg/build/humanoid_pkg -- -j8 -l8
[11.685s] DEBUG:colcon.colcon_core.event_handler.log_command:Invoked command in '/AGV/ros2_ws/src/humanoid_pkg/build/humanoid_pkg' returned '0': CMAKE_PREFIX_PATH=${CMAKE_PREFIX_PATH}:/opt/ros/humble /usr/bin/cmake --build /AGV/ros2_ws/src/humanoid_pkg/build/humanoid_pkg -- -j8 -l8
[11.702s] DEBUG:colcon.colcon_core.event_handler.log_command:Invoking command in '/AGV/ros2_ws/src/humanoid_pkg/build/humanoid_pkg': CMAKE_PREFIX_PATH=${CMAKE_PREFIX_PATH}:/opt/ros/humble /usr/bin/cmake --install /AGV/ros2_ws/src/humanoid_pkg/build/humanoid_pkg
[13.416s] Level 1:colcon.colcon_core.environment:create_environment_scripts_only(humanoid_pkg)
[13.417s] DEBUG:colcon.colcon_core.event_handler.log_command:Invoked command in '/AGV/ros2_ws/src/humanoid_pkg/build/humanoid_pkg' returned '0': CMAKE_PREFIX_PATH=${CMAKE_PREFIX_PATH}:/opt/ros/humble /usr/bin/cmake --install /AGV/ros2_ws/src/humanoid_pkg/build/humanoid_pkg
[13.421s] Level 1:colcon.colcon_core.environment:checking '/AGV/ros2_ws/src/humanoid_pkg/install/humanoid_pkg' for CMake module files
[13.422s] Level 1:colcon.colcon_core.environment:checking '/AGV/ros2_ws/src/humanoid_pkg/install/humanoid_pkg' for CMake config files
[13.458s] Level 1:colcon.colcon_core.shell:create_environment_hook('humanoid_pkg', 'cmake_prefix_path')
[13.459s] INFO:colcon.colcon_core.shell:Creating environment hook '/AGV/ros2_ws/src/humanoid_pkg/install/humanoid_pkg/share/humanoid_pkg/hook/cmake_prefix_path.ps1'
[13.460s] INFO:colcon.colcon_core.shell:Creating environment descriptor '/AGV/ros2_ws/src/humanoid_pkg/install/humanoid_pkg/share/humanoid_pkg/hook/cmake_prefix_path.dsv'
[13.461s] INFO:colcon.colcon_core.shell:Creating environment hook '/AGV/ros2_ws/src/humanoid_pkg/install/humanoid_pkg/share/humanoid_pkg/hook/cmake_prefix_path.sh'
[13.462s] Level 1:colcon.colcon_core.environment:checking '/AGV/ros2_ws/src/humanoid_pkg/install/humanoid_pkg/lib'
[13.462s] Level 1:colcon.colcon_core.shell:create_environment_hook('humanoid_pkg', 'ld_library_path_lib')
[13.463s] INFO:colcon.colcon_core.shell:Creating environment hook '/AGV/ros2_ws/src/humanoid_pkg/install/humanoid_pkg/share/humanoid_pkg/hook/ld_library_path_lib.ps1'
[13.463s] INFO:colcon.colcon_core.shell:Creating environment descriptor '/AGV/ros2_ws/src/humanoid_pkg/install/humanoid_pkg/share/humanoid_pkg/hook/ld_library_path_lib.dsv'
[13.464s] INFO:colcon.colcon_core.shell:Creating environment hook '/AGV/ros2_ws/src/humanoid_pkg/install/humanoid_pkg/share/humanoid_pkg/hook/ld_library_path_lib.sh'
[13.464s] Level 1:colcon.colcon_core.environment:checking '/AGV/ros2_ws/src/humanoid_pkg/install/humanoid_pkg/bin'
[13.465s] Level 1:colcon.colcon_core.environment:checking '/AGV/ros2_ws/src/humanoid_pkg/install/humanoid_pkg/lib/pkgconfig/humanoid_pkg.pc'
[13.467s] Level 1:colcon.colcon_core.environment:checking '/AGV/ros2_ws/src/humanoid_pkg/install/humanoid_pkg/lib/python3.10/site-packages'
[13.468s] Level 1:colcon.colcon_core.environment:checking '/AGV/ros2_ws/src/humanoid_pkg/install/humanoid_pkg/bin'
[13.468s] INFO:colcon.colcon_core.shell:Creating package script '/AGV/ros2_ws/src/humanoid_pkg/install/humanoid_pkg/share/humanoid_pkg/package.ps1'
[13.470s] INFO:colcon.colcon_core.shell:Creating package descriptor '/AGV/ros2_ws/src/humanoid_pkg/install/humanoid_pkg/share/humanoid_pkg/package.dsv'
[13.470s] INFO:colcon.colcon_core.shell:Creating package script '/AGV/ros2_ws/src/humanoid_pkg/install/humanoid_pkg/share/humanoid_pkg/package.sh'
[13.472s] INFO:colcon.colcon_core.shell:Creating package script '/AGV/ros2_ws/src/humanoid_pkg/install/humanoid_pkg/share/humanoid_pkg/package.bash'
[13.473s] INFO:colcon.colcon_core.shell:Creating package script '/AGV/ros2_ws/src/humanoid_pkg/install/humanoid_pkg/share/humanoid_pkg/package.zsh'
[13.474s] Level 1:colcon.colcon_core.environment:create_file_with_runtime_dependencies(/AGV/ros2_ws/src/humanoid_pkg/install/humanoid_pkg/share/colcon-core/packages/humanoid_pkg)
[13.475s] Level 1:colcon.colcon_core.environment:create_environment_scripts_only(humanoid_pkg)
[13.475s] Level 1:colcon.colcon_core.environment:checking '/AGV/ros2_ws/src/humanoid_pkg/install/humanoid_pkg' for CMake module files
[13.476s] Level 1:colcon.colcon_core.environment:checking '/AGV/ros2_ws/src/humanoid_pkg/install/humanoid_pkg' for CMake config files
[13.506s] Level 1:colcon.colcon_core.shell:create_environment_hook('humanoid_pkg', 'cmake_prefix_path')
[13.507s] INFO:colcon.colcon_core.shell:Creating environment hook '/AGV/ros2_ws/src/humanoid_pkg/install/humanoid_pkg/share/humanoid_pkg/hook/cmake_prefix_path.ps1'
[13.508s] INFO:colcon.colcon_core.shell:Creating environment descriptor '/AGV/ros2_ws/src/humanoid_pkg/install/humanoid_pkg/share/humanoid_pkg/hook/cmake_prefix_path.dsv'
[13.509s] INFO:colcon.colcon_core.shell:Creating environment hook '/AGV/ros2_ws/src/humanoid_pkg/install/humanoid_pkg/share/humanoid_pkg/hook/cmake_prefix_path.sh'
[13.510s] Level 1:colcon.colcon_core.environment:checking '/AGV/ros2_ws/src/humanoid_pkg/install/humanoid_pkg/lib'
[13.510s] Level 1:colcon.colcon_core.shell:create_environment_hook('humanoid_pkg', 'ld_library_path_lib')
[13.511s] INFO:colcon.colcon_core.shell:Creating environment hook '/AGV/ros2_ws/src/humanoid_pkg/install/humanoid_pkg/share/humanoid_pkg/hook/ld_library_path_lib.ps1'
[13.511s] INFO:colcon.colcon_core.shell:Creating environment descriptor '/AGV/ros2_ws/src/humanoid_pkg/install/humanoid_pkg/share/humanoid_pkg/hook/ld_library_path_lib.dsv'
[13.512s] INFO:colcon.colcon_core.shell:Creating environment hook '/AGV/ros2_ws/src/humanoid_pkg/install/humanoid_pkg/share/humanoid_pkg/hook/ld_library_path_lib.sh'
[13.513s] Level 1:colcon.colcon_core.environment:checking '/AGV/ros2_ws/src/humanoid_pkg/install/humanoid_pkg/bin'
[13.513s] Level 1:colcon.colcon_core.environment:checking '/AGV/ros2_ws/src/humanoid_pkg/install/humanoid_pkg/lib/pkgconfig/humanoid_pkg.pc'
[13.513s] Level 1:colcon.colcon_core.environment:checking '/AGV/ros2_ws/src/humanoid_pkg/install/humanoid_pkg/lib/python3.10/site-packages'
[13.514s] Level 1:colcon.colcon_core.environment:checking '/AGV/ros2_ws/src/humanoid_pkg/install/humanoid_pkg/bin'
[13.514s] INFO:colcon.colcon_core.shell:Creating package script '/AGV/ros2_ws/src/humanoid_pkg/install/humanoid_pkg/share/humanoid_pkg/package.ps1'
[13.516s] INFO:colcon.colcon_core.shell:Creating package descriptor '/AGV/ros2_ws/src/humanoid_pkg/install/humanoid_pkg/share/humanoid_pkg/package.dsv'
[13.518s] INFO:colcon.colcon_core.shell:Creating package script '/AGV/ros2_ws/src/humanoid_pkg/install/humanoid_pkg/share/humanoid_pkg/package.sh'
[13.519s] INFO:colcon.colcon_core.shell:Creating package script '/AGV/ros2_ws/src/humanoid_pkg/install/humanoid_pkg/share/humanoid_pkg/package.bash'
[13.520s] INFO:colcon.colcon_core.shell:Creating package script '/AGV/ros2_ws/src/humanoid_pkg/install/humanoid_pkg/share/humanoid_pkg/package.zsh'
[13.521s] Level 1:colcon.colcon_core.environment:create_file_with_runtime_dependencies(/AGV/ros2_ws/src/humanoid_pkg/install/humanoid_pkg/share/colcon-core/packages/humanoid_pkg)
[13.521s] DEBUG:colcon.colcon_parallel_executor.executor.parallel:closing loop
[13.522s] DEBUG:colcon.colcon_parallel_executor.executor.parallel:loop closed
[13.523s] DEBUG:colcon.colcon_parallel_executor.executor.parallel:run_until_complete finished with '0'
[13.523s] DEBUG:colcon.colcon_core.event_reactor:joining thread
[13.539s] INFO:colcon.colcon_core.plugin_system:Skipping extension 'colcon_notification.desktop_notification.notify_send': Could not find 'notify-send'
[13.539s] INFO:colcon.colcon_core.plugin_system:Skipping extension 'colcon_notification.desktop_notification.terminal_notifier': Not used on non-Darwin systems
[13.539s] INFO:colcon.colcon_core.plugin_system:Skipping extension 'colcon_notification.desktop_notification.win32': Not used on non-Windows systems
[13.539s] INFO:colcon.colcon_notification.desktop_notification:Sending desktop notification using 'notify2'
[13.540s] DEBUG:colcon.colcon_notification.desktop_notification.notify2:Failed to initialize notify2: org.freedesktop.DBus.Error.NotSupported: Unable to autolaunch a dbus-daemon without a $DISPLAY for X11
[13.540s] DEBUG:colcon.colcon_core.event_reactor:joined thread
[13.540s] INFO:colcon.colcon_core.shell:Creating prefix script '/AGV/ros2_ws/src/humanoid_pkg/install/local_setup.ps1'
[13.542s] INFO:colcon.colcon_core.shell:Creating prefix util module '/AGV/ros2_ws/src/humanoid_pkg/install/_local_setup_util_ps1.py'
[13.544s] INFO:colcon.colcon_core.shell:Creating prefix chain script '/AGV/ros2_ws/src/humanoid_pkg/install/setup.ps1'
[13.548s] INFO:colcon.colcon_core.shell:Creating prefix script '/AGV/ros2_ws/src/humanoid_pkg/install/local_setup.sh'
[13.549s] INFO:colcon.colcon_core.shell:Creating prefix util module '/AGV/ros2_ws/src/humanoid_pkg/install/_local_setup_util_sh.py'
[13.550s] INFO:colcon.colcon_core.shell:Creating prefix chain script '/AGV/ros2_ws/src/humanoid_pkg/install/setup.sh'
[13.552s] INFO:colcon.colcon_core.shell:Creating prefix script '/AGV/ros2_ws/src/humanoid_pkg/install/local_setup.bash'
[13.552s] INFO:colcon.colcon_core.shell:Creating prefix chain script '/AGV/ros2_ws/src/humanoid_pkg/install/setup.bash'
[13.554s] INFO:colcon.colcon_core.shell:Creating prefix script '/AGV/ros2_ws/src/humanoid_pkg/install/local_setup.zsh'
[13.555s] INFO:colcon.colcon_core.shell:Creating prefix chain script '/AGV/ros2_ws/src/humanoid_pkg/install/setup.zsh'
